Base path: /Applications/Unity/Unity.app/Contents
Pipe name: \\.\pipe\UnityShaderCompiler-64bit-1-2008232704
Cmd: getPlatforms
Cmd: compileSnippet
  api=0 type=0 insize=70836 outsize=10640 kw=DIRECTIONAL SHADOWS_OFF LIGHTMAP_OFF DIRLIGHTMAP_COMBINED DYNAMICLIGHTMAP_ON ok=1
Cmd: compileSnippet
  api=0 type=1 insize=70836 outsize=6 kw=DIRECTIONAL SHADOWS_OFF LIGHTMAP_OFF DIRLIGHTMAP_COMBINED DYNAMICLIGHTMAP_ON ok=1
Cmd: compileSnippet
  api=0 type=0 insize=70836 outsize=11138 kw=DIRECTIONAL SHADOWS_SCREEN LIGHTMAP_OFF DIRLIGHTMAP_COMBINED DYNAMICLIGHTMAP_ON ok=1
Cmd: compileSnippet
  api=0 type=1 insize=70836 outsize=6 kw=DIRECTIONAL SHADOWS_SCREEN LIGHTMAP_OFF DIRLIGHTMAP_COMBINED DYNAMICLIGHTMAP_ON ok=1
Cmd: preprocess
  insize=9924 outsize=9924 ok=1
Cmd: preprocess
  insize=716 outsize=1166 ok=1
Cmd: compileSnippet
  api=0 type=0 insize=7197 outsize=3666 kw=DIRECTIONAL LIGHTMAP_OFF DIRLIGHTMAP_OFF DYNAMICLIGHTMAP_OFF ok=1
Cmd: compileSnippet
  api=0 type=1 insize=7197 outsize=6 kw=DIRECTIONAL LIGHTMAP_OFF DIRLIGHTMAP_OFF DYNAMICLIGHTMAP_OFF ok=1
Cmd: compileSnippet
  api=0 type=0 insize=4635 outsize=3120 kw=POINT ok=1
Cmd: compileSnippet
  api=0 type=1 insize=4635 outsize=6 kw=POINT ok=1
Cmd: compileSnippet
  api=0 type=0 insize=3909 outsize=3831 kw= ok=1
Cmd: compileSnippet
  api=0 type=1 insize=3909 outsize=6 kw= ok=1
Cmd: preprocess
  insize=608 outsize=1134 ok=1
Cmd: compileSnippet
  api=0 type=0 insize=6773 outsize=2252 kw=DIRECTIONAL LIGHTMAP_OFF DIRLIGHTMAP_OFF DYNAMICLIGHTMAP_OFF ok=1
Cmd: compileSnippet
  api=0 type=1 insize=6773 outsize=6 kw=DIRECTIONAL LIGHTMAP_OFF DIRLIGHTMAP_OFF DYNAMICLIGHTMAP_OFF ok=1
Cmd: compileSnippet
  api=0 type=0 insize=3611 outsize=1772 kw=POINT ok=1
Cmd: compileSnippet
  api=0 type=1 insize=3611 outsize=6 kw=POINT ok=1
Cmd: compileSnippet
  api=0 type=0 insize=3044 outsize=2381 kw= ok=1
Cmd: compileSnippet
  api=0 type=1 insize=3044 outsize=6 kw= ok=1
Cmd: preprocess
  insize=482 outsize=1525 ok=1
Cmd: compileSnippet
  api=0 type=0 insize=6829 outsize=2300 kw=DIRECTIONAL SHADOWS_OFF LIGHTMAP_OFF DIRLIGHTMAP_OFF DYNAMICLIGHTMAP_OFF ok=1
Cmd: compileSnippet
  api=0 type=1 insize=6829 outsize=6 kw=DIRECTIONAL SHADOWS_OFF LIGHTMAP_OFF DIRLIGHTMAP_OFF DYNAMICLIGHTMAP_OFF ok=1
Cmd: compileSnippet
  api=0 type=0 insize=3666 outsize=1820 kw=POINT ok=1
Cmd: compileSnippet
  api=0 type=1 insize=3666 outsize=6 kw=POINT ok=1
Cmd: compileSnippet
  api=0 type=0 insize=2824 outsize=978 kw= ok=1
Cmd: compileSnippet
  api=0 type=1 insize=2824 outsize=6 kw= ok=1
Cmd: compileSnippet
  api=0 type=0 insize=6014 outsize=2688 kw=LIGHTMAP_OFF DIRLIGHTMAP_OFF DYNAMICLIGHTMAP_OFF HDR_LIGHT_PREPASS_OFF ok=1
Cmd: compileSnippet
  api=0 type=1 insize=6014 outsize=6 kw=LIGHTMAP_OFF DIRLIGHTMAP_OFF DYNAMICLIGHTMAP_OFF HDR_LIGHT_PREPASS_OFF ok=1
Cmd: compileSnippet
  api=0 type=0 insize=5947 outsize=2645 kw=LIGHTMAP_OFF DIRLIGHTMAP_OFF DYNAMICLIGHTMAP_OFF HDR_LIGHT_PREPASS_OFF ok=1
Cmd: compileSnippet
  api=0 type=1 insize=5947 outsize=6 kw=LIGHTMAP_OFF DIRLIGHTMAP_OFF DYNAMICLIGHTMAP_OFF HDR_LIGHT_PREPASS_OFF ok=1
Cmd: compileSnippet
  api=0 type=0 insize=3015 outsize=2381 kw= ok=1
Cmd: compileSnippet
  api=0 type=1 insize=3015 outsize=6 kw= ok=1
Cmd: preprocess
  insize=837 outsize=1699 ok=1
Cmd: compileSnippet
  api=0 type=0 insize=7490 outsize=4193 kw=DIRECTIONAL SHADOWS_OFF LIGHTMAP_OFF DIRLIGHTMAP_OFF DYNAMICLIGHTMAP_OFF ok=1
Cmd: compileSnippet
  api=0 type=1 insize=7490 outsize=6 kw=DIRECTIONAL SHADOWS_OFF LIGHTMAP_OFF DIRLIGHTMAP_OFF DYNAMICLIGHTMAP_OFF ok=1
Cmd: compileSnippet
  api=0 type=0 insize=4885 outsize=3556 kw=POINT ok=1
Cmd: compileSnippet
  api=0 type=1 insize=4885 outsize=6 kw=POINT ok=1
Cmd: compileSnippet
  api=0 type=0 insize=4004 outsize=2447 kw= ok=1
Cmd: compileSnippet
  api=0 type=1 insize=4004 outsize=6 kw= ok=1
Cmd: compileSnippet
  api=0 type=0 insize=6375 outsize=2794 kw=LIGHTMAP_OFF DIRLIGHTMAP_OFF DYNAMICLIGHTMAP_OFF HDR_LIGHT_PREPASS_OFF ok=1
Cmd: compileSnippet
  api=0 type=1 insize=6375 outsize=6 kw=LIGHTMAP_OFF DIRLIGHTMAP_OFF DYNAMICLIGHTMAP_OFF HDR_LIGHT_PREPASS_OFF ok=1
Cmd: compileSnippet
  api=0 type=0 insize=7349 outsize=4176 kw=LIGHTMAP_OFF DIRLIGHTMAP_OFF DYNAMICLIGHTMAP_OFF HDR_LIGHT_PREPASS_OFF ok=1
Cmd: compileSnippet
  api=0 type=1 insize=7349 outsize=6 kw=LIGHTMAP_OFF DIRLIGHTMAP_OFF DYNAMICLIGHTMAP_OFF HDR_LIGHT_PREPASS_OFF ok=1
Cmd: compileSnippet
  api=0 type=0 insize=3989 outsize=3791 kw= ok=1
Cmd: compileSnippet
  api=0 type=1 insize=3989 outsize=6 kw= ok=1
Cmd: preprocess
  insize=596 outsize=1122 ok=1
Cmd: preprocess
  insize=538 outsize=1582 ok=1
Cmd: compileSnippet
  api=0 type=0 insize=6830 outsize=2300 kw=DIRECTIONAL SHADOWS_OFF LIGHTMAP_OFF DIRLIGHTMAP_OFF DYNAMICLIGHTMAP_OFF ok=1
Cmd: compileSnippet
  api=0 type=1 insize=6830 outsize=6 kw=DIRECTIONAL SHADOWS_OFF LIGHTMAP_OFF DIRLIGHTMAP_OFF DYNAMICLIGHTMAP_OFF ok=1
Cmd: compileSnippet
  api=0 type=0 insize=3667 outsize=1820 kw=POINT ok=1
Cmd: compileSnippet
  api=0 type=1 insize=3667 outsize=6 kw=POINT ok=1
Cmd: compileSnippet
  api=0 type=0 insize=2825 outsize=978 kw= ok=1
Cmd: compileSnippet
  api=0 type=1 insize=2825 outsize=6 kw= ok=1
Cmd: compileSnippet
  api=0 type=0 insize=6015 outsize=2688 kw=LIGHTMAP_OFF DIRLIGHTMAP_OFF DYNAMICLIGHTMAP_OFF HDR_LIGHT_PREPASS_OFF ok=1
Cmd: compileSnippet
  api=0 type=1 insize=6015 outsize=6 kw=LIGHTMAP_OFF DIRLIGHTMAP_OFF DYNAMICLIGHTMAP_OFF HDR_LIGHT_PREPASS_OFF ok=1
Cmd: compileSnippet
  api=0 type=0 insize=5948 outsize=2645 kw=LIGHTMAP_OFF DIRLIGHTMAP_OFF DYNAMICLIGHTMAP_OFF HDR_LIGHT_PREPASS_OFF ok=1
Cmd: compileSnippet
  api=0 type=1 insize=5948 outsize=6 kw=LIGHTMAP_OFF DIRLIGHTMAP_OFF DYNAMICLIGHTMAP_OFF HDR_LIGHT_PREPASS_OFF ok=1
Cmd: compileSnippet
  api=0 type=0 insize=3016 outsize=2381 kw= ok=1
Cmd: compileSnippet
  api=0 type=1 insize=3016 outsize=6 kw= ok=1
Cmd: preprocess
  insize=417 outsize=1513 ok=1
Cmd: compileSnippet
  api=0 type=0 insize=6568 outsize=2028 kw=DIRECTIONAL SHADOWS_OFF LIGHTMAP_OFF DIRLIGHTMAP_OFF DYNAMICLIGHTMAP_OFF ok=1
Cmd: compileSnippet
  api=0 type=1 insize=6568 outsize=6 kw=DIRECTIONAL SHADOWS_OFF LIGHTMAP_OFF DIRLIGHTMAP_OFF DYNAMICLIGHTMAP_OFF ok=1
Cmd: compileSnippet
  api=0 type=0 insize=3445 outsize=1550 kw=POINT ok=1
Cmd: compileSnippet
  api=0 type=1 insize=3445 outsize=6 kw=POINT ok=1
Cmd: compileSnippet
  api=0 type=0 insize=2771 outsize=978 kw= ok=1
Cmd: compileSnippet
  api=0 type=1 insize=2771 outsize=6 kw= ok=1
Cmd: compileSnippet
  api=0 type=0 insize=5793 outsize=2418 kw=LIGHTMAP_OFF DIRLIGHTMAP_OFF DYNAMICLIGHTMAP_OFF HDR_LIGHT_PREPASS_OFF ok=1
Cmd: compileSnippet
  api=0 type=1 insize=5793 outsize=6 kw=LIGHTMAP_OFF DIRLIGHTMAP_OFF DYNAMICLIGHTMAP_OFF HDR_LIGHT_PREPASS_OFF ok=1
Cmd: compileSnippet
  api=0 type=0 insize=5726 outsize=2375 kw=LIGHTMAP_OFF DIRLIGHTMAP_OFF DYNAMICLIGHTMAP_OFF HDR_LIGHT_PREPASS_OFF ok=1
Cmd: compileSnippet
  api=0 type=1 insize=5726 outsize=6 kw=LIGHTMAP_OFF DIRLIGHTMAP_OFF DYNAMICLIGHTMAP_OFF HDR_LIGHT_PREPASS_OFF ok=1
Cmd: compileSnippet
  api=0 type=0 insize=2794 outsize=2111 kw= ok=1
Cmd: compileSnippet
  api=0 type=1 insize=2794 outsize=6 kw= ok=1
Cmd: preprocess
  insize=416 outsize=1512 ok=1
Cmd: preprocess
  insize=10318 outsize=10318 ok=1
Cmd: preprocess
  insize=628 outsize=1575 ok=1
Cmd: compileSnippet
  api=0 type=0 insize=7276 outsize=3714 kw=DIRECTIONAL SHADOWS_OFF LIGHTMAP_OFF DIRLIGHTMAP_OFF DYNAMICLIGHTMAP_OFF ok=1
Cmd: compileSnippet
  api=0 type=1 insize=7276 outsize=6 kw=DIRECTIONAL SHADOWS_OFF LIGHTMAP_OFF DIRLIGHTMAP_OFF DYNAMICLIGHTMAP_OFF ok=1
Cmd: compileSnippet
  api=0 type=0 insize=4713 outsize=3168 kw=POINT ok=1
Cmd: compileSnippet
  api=0 type=1 insize=4713 outsize=6 kw=POINT ok=1
Cmd: compileSnippet
  api=0 type=0 insize=3918 outsize=2414 kw= ok=1
Cmd: compileSnippet
  api=0 type=1 insize=3918 outsize=6 kw= ok=1
Cmd: compileSnippet
  api=0 type=0 insize=6286 outsize=2688 kw=LIGHTMAP_OFF DIRLIGHTMAP_OFF DYNAMICLIGHTMAP_OFF HDR_LIGHT_PREPASS_OFF ok=1
Cmd: compileSnippet
  api=0 type=1 insize=6286 outsize=6 kw=LIGHTMAP_OFF DIRLIGHTMAP_OFF DYNAMICLIGHTMAP_OFF HDR_LIGHT_PREPASS_OFF ok=1
Cmd: compileSnippet
  api=0 type=0 insize=7135 outsize=4064 kw=LIGHTMAP_OFF DIRLIGHTMAP_OFF DYNAMICLIGHTMAP_OFF HDR_LIGHT_PREPASS_OFF ok=1
Cmd: compileSnippet
  api=0 type=1 insize=7135 outsize=6 kw=LIGHTMAP_OFF DIRLIGHTMAP_OFF DYNAMICLIGHTMAP_OFF HDR_LIGHT_PREPASS_OFF ok=1
Cmd: compileSnippet
  api=0 type=0 insize=3903 outsize=3831 kw= ok=1
Cmd: compileSnippet
  api=0 type=1 insize=3903 outsize=6 kw= ok=1
Cmd: preprocess
  insize=922 outsize=1287 ok=1
Cmd: compileSnippet
  api=0 type=0 insize=7411 outsize=4145 kw=DIRECTIONAL LIGHTMAP_OFF DIRLIGHTMAP_OFF DYNAMICLIGHTMAP_OFF ok=1
Cmd: compileSnippet
  api=0 type=1 insize=7411 outsize=6 kw=DIRECTIONAL LIGHTMAP_OFF DIRLIGHTMAP_OFF DYNAMICLIGHTMAP_OFF ok=1
Cmd: compileSnippet
  api=0 type=0 insize=4807 outsize=3503 kw=POINT ok=1
Cmd: compileSnippet
  api=0 type=1 insize=4807 outsize=6 kw=POINT ok=1
Cmd: compileSnippet
  api=0 type=0 insize=3995 outsize=3791 kw= ok=1
Cmd: compileSnippet
  api=0 type=1 insize=3995 outsize=6 kw= ok=1
Cmd: compileSnippet
  api=0 type=0 insize=3445 outsize=1219 kw=DIRECTIONAL ok=1
Cmd: compileSnippet
  api=0 type=1 insize=3445 outsize=6 kw=DIRECTIONAL ok=1
Cmd: compileSnippet
  api=0 type=0 insize=3667 outsize=1489 kw=DIRECTIONAL ok=1
Cmd: compileSnippet
  api=0 type=1 insize=3667 outsize=6 kw=DIRECTIONAL ok=1
Cmd: compileSnippet
  api=0 type=0 insize=3666 outsize=1489 kw=DIRECTIONAL ok=1
Cmd: compileSnippet
  api=0 type=1 insize=3666 outsize=6 kw=DIRECTIONAL ok=1
